1                                     The SAS System     11:29 Wednesday, January 22, 2020

NOTE: Copyright (c) 2016 by SAS Institute Inc., Cary, NC, USA. 
NOTE: SAS (r) Proprietary Software 9.4 (TS1M6) 
      Licensed to THE URBAN INSTITUTE, Site 70113200.
NOTE: This session is executing on the X64_ES08R2  platform.



NOTE: Analytical products:
      
      SAS/STAT 15.1

NOTE: Additional host information:

 X64_ES08R2 WIN 6.1.7601 Service Pack 1 Server

NOTE: SAS initialization used:
      real time           0.98 seconds
      cpu time            0.23 seconds
      

NOTE: AUTOEXEC processing beginning; file is C:\Program 
      Files\SASHome2\SASFoundation\9.4\autoexec.sas.


NOTE: AUTOEXEC processing completed.

1          /******************************************************************************
1        ! *************************************/
2          /*	Purpose: Aggregate cleaned up MAX data from 01_studypop_analyticfile with
2        ! CDPS data and AHRF and MSA/HRR data
3          /*			on user-input geographic variable			
4          /*	Project: MACPAC Spending Variations
5          /*	Author: Leah Durbak (based on code by Abby Norling-Ruggles, modified by Kyle
5        !  Caswell, modified by Tim Waidmann)
6          /*	Notes:
7          /*		1) Collapse macros for easier manipulation
8          /******************************************************************************
8        ! *************************************/
9          /*Options to change*/
10         %macro prod();
11         	options obs=MAX;
12         	/*Log*/
13         	proc printto print="P:\MCD-SPVR\log\06_collapsemsa_&sysdate..lst"
14         	               log="P:\MCD-SPVR\log\06_collapsemsa_&sysdate..log" NEW;
15         	run;
16         %mend;
17         
18         %macro test();	
19         	options obs=1000;
2                                     The SAS System     11:29 Wednesday, January 22, 2020

20         	/*Log*/
21         	proc printto;run;
22         %mend;
23         
24         %prod();

NOTE: PROCEDURE PRINTTO used (Total process time):
      real time           0.01 seconds
      cpu time            0.00 seconds
      

ERROR: Errors printed on page 8.

NOTE: SAS Institute Inc., SAS Campus Drive, Cary, NC USA 27513-2414
9                                     The SAS System     11:29 Wednesday, January 22, 2020

NOTE: The SAS System used:
      real time           22:33.36
      cpu time            16:47.28
      
