1                                          The SAS System             15:00 Monday, January 28, 2019

NOTE: Copyright (c) 2002-2012 by SAS Institute Inc., Cary, NC, USA. 
NOTE: SAS (r) Proprietary Software 9.4 (TS1M3) 
      Licensed to THE URBAN INSTITUTE, Site 70113200.
NOTE: This session is executing on the X64_ES08R2  platform.



NOTE: Updated analytical products:
      
      SAS/STAT 14.1

NOTE: Additional host information:

 X64_ES08R2 WIN 6.1.7601 Service Pack 1 Server

NOTE: SAS initialization used:
      real time           0.56 seconds
      cpu time            0.14 seconds
      

NOTE: AUTOEXEC processing beginning; file is C:\Program 
      Files\SASHome2\SASFoundation\9.4\autoexec.sas.


NOTE: AUTOEXEC processing completed.

1          /****************************************************************************************
1        ! ***************************/
2          /*	Purpose: Using a yearly MAX input data set, create an analytic file with specified
2        ! variables.
3          /*				Fix invalid geographic information.
4          /*	Project: MACPAC Spending Variations
5          /*	Author: Leah Durbak (based on code by Abby Norling-Ruggles, modified by Kyle Caswell,
5        ! modified by Tim Waidmann)
6          /*	Notes:
7          /*		1) Collapse macros for easier manipulation
8          /*		2) Dependent on MAX data formatting
9          /****************************************************************************************
9        ! ***************************/
10         
11         * Macro variables for processing;
12         %let fname = %sysfunc(date(),date9.)_t%sysfunc(compress(%sysfunc(time(),time8.),:.));
12       ! /*date+time for file names, to ensure files aren't overwritten*/
13         %let space_name = %sysfunc(date(),date9.); /*date for naming convention in space lib*/
14         %let dum_tab = %str(ods excel options(sheet_interval="table"); ods exclude all; data
14       ! _null_; file print; put _all_; run; ods select all;); /*adds a dummy table to make a new
14       ! worksheet ods excel*/
15         %let report_folder = P:\MCD-SPVR\reports; /*location of output reports*/
16         
17         /*options/macros to change*/
18         options obs=MAX;
19         %let indata_year = 2012; /*claims year*/
20         %let age_date = 12,01,2012; /*date from which to calculate age. must be month,day,year*/
21         
2                                          The SAS System             15:00 Monday, January 28, 2019

22         /*log*/
23         proc printto print="P:\MCD-SPVR\log\01_studypop_analyticfile_&fname..lst"
24                        log="P:\MCD-SPVR\log\01_studypop_analyticfile_&fname..log" new;
25         run;

NOTE: PROCEDURE PRINTTO used (Total process time):
      real time           0.00 seconds
      cpu time            0.00 seconds
      

NOTE: SAS Institute Inc., SAS Campus Drive, Cary, NC USA 27513-2414
NOTE: The SAS System used:
      real time           3:03:42.78
      cpu time            2:58:04.71
      
